<?xml version="1.0" encoding="utf-8"?><testsuites name="pytest tests"><testsuite name="pytest" errors="0" failures="0" skipped="0" tests="7" time="1.514" timestamp="2026-03-29T20:42:34.137269+00:00" hostname="agent-env-69c85d65-a3c7-42e8-a11f-26cf6985048d"><testcase classname="tests.test_otp_auth.TestOTPAuth" name="test_send_otp_returns_mock_otp" time="0.249" /><testcase classname="tests.test_otp_auth.TestOTPAuth" name="test_send_otp_with_invalid_mobile_returns_400" time="0.277" /><testcase classname="tests.test_otp_auth.TestOTPAuth" name="test_verify_otp_creates_user_and_returns_session" time="0.262" /><testcase classname="tests.test_otp_auth.TestOTPAuth" name="test_verify_otp_with_wrong_otp_returns_401" time="0.172" /><testcase classname="tests.test_otp_auth.TestOTPAuth" name="test_verify_otp_without_mobile_returns_400" time="0.150" /><testcase classname="tests.test_otp_auth.TestOTPAuth" name="test_verify_otp_without_otp_returns_400" time="0.112" /><testcase classname="tests.test_otp_auth.TestOTPAuth" name="test_otp_full_flow_end_to_end" time="0.261" /></testsuite></testsuites>