<?xml version="1.0" encoding="utf-8"?><testsuites name="pytest tests"><testsuite name="pytest" errors="0" failures="0" skipped="0" tests="10" time="4.773" timestamp="2026-03-29T20:17:01.157434+00:00" hostname="agent-env-69c85d65-a3c7-42e8-a11f-26cf6985048d"><testcase classname="tests.test_backend_apis.TestAuth" name="test_auth_me_without_token_returns_401" time="0.248" /><testcase classname="tests.test_backend_apis.TestAuth" name="test_auth_me_with_valid_token_returns_user" time="0.124" /><testcase classname="tests.test_backend_apis.TestTransactions" name="test_create_transaction_and_verify" time="0.245" /><testcase classname="tests.test_backend_apis.TestTransactions" name="test_get_transactions_for_month" time="0.157" /><testcase classname="tests.test_backend_apis.TestTransactions" name="test_update_transaction_and_verify" time="0.254" /><testcase classname="tests.test_backend_apis.TestTransactions" name="test_delete_transaction_and_verify" time="0.267" /><testcase classname="tests.test_backend_apis.TestDashboard" name="test_dashboard_returns_correct_stats" time="0.173" /><testcase classname="tests.test_backend_apis.TestUserIncome" name="test_update_monthly_income_and_verify" time="0.180" /><testcase classname="tests.test_backend_apis.TestChat" name="test_chat_returns_jarvis_response" time="1.331" /><testcase classname="tests.test_backend_apis.TestChat" name="test_chat_history_returns_messages" time="1.750" /></testsuite></testsuites>